F:\Computer Vision\Computer Vision\Debug\cl.command.1.tlog
F:\Computer Vision\Computer Vision\Debug\CL.read.1.tlog
F:\Computer Vision\Computer Vision\Debug\CL.write.1.tlog
F:\COMPUTER VISION\COMPUTER VISION\DEBUG\COMPUTER VISION.EXE.EMBED.MANIFEST
F:\COMPUTER VISION\COMPUTER VISION\DEBUG\COMPUTER VISION.EXE.EMBED.MANIFEST.RES
F:\COMPUTER VISION\COMPUTER VISION\DEBUG\COMPUTER VISION.EXE.INTERMEDIATE.MANIFEST
F:\COMPUTER VISION\COMPUTER VISION\DEBUG\COMPUTER VISION.PCH
F:\Computer Vision\Computer Vision\Debug\Computer Vision.vcxprojResolveAssemblyReference.cache
F:\Computer Vision\Computer Vision\Debug\Computer Vision.write.1.tlog
F:\Computer Vision\Computer Vision\Debug\Computer Vision_manifest.rc
F:\Computer Vision\Computer Vision\Debug\link.2684.read.1.tlog
F:\Computer Vision\Computer Vision\Debug\link.2684.write.1.tlog
F:\Computer Vision\Computer Vision\Debug\link.2684-cvtres.read.1.tlog
F:\Computer Vision\Computer Vision\Debug\link.2684-cvtres.write.1.tlog
F:\Computer Vision\Computer Vision\Debug\link.command.1.tlog
F:\Computer Vision\Computer Vision\Debug\link.read.1.tlog
F:\Computer Vision\Computer Vision\Debug\link.write.1.tlog
F:\Computer Vision\Computer Vision\Debug\link-cvtres.read.1.tlog
F:\Computer Vision\Computer Vision\Debug\link-cvtres.write.1.tlog
F:\Computer Vision\Computer Vision\Debug\mt.command.1.tlog
F:\Computer Vision\Computer Vision\Debug\mt.read.1.tlog
F:\Computer Vision\Computer Vision\Debug\mt.write.1.tlog
F:\Computer Vision\Computer Vision\Debug\rc.command.1.tlog
F:\Computer Vision\Computer Vision\Debug\rc.read.1.tlog
F:\Computer Vision\Computer Vision\Debug\rc.write.1.tlog
F:\COMPUTER VISION\COMPUTER VISION\DEBUG\RUBIX.OBJ
F:\COMPUTER VISION\COMPUTER VISION\DEBUG\STDAFX.OBJ
F:\Computer Vision\Computer Vision\Debug\vc100.idb
F:\COMPUTER VISION\COMPUTER VISION\DEBUG\VC100.PDB
F:\COMPUTER VISION\DEBUG\COMPUTER VISION.EXE
F:\COMPUTER VISION\DEBUG\COMPUTER VISION.ILK
F:\COMPUTER VISION\DEBUG\COMPUTER VISION.PDB
