Build started 5/7/2015 3:16:00 PM.
     1>Project "F:\Computer Vision\Computer Vision\Computer Vision.vcxproj" on node 2 (build target(s)).
     1>InitializeBuildStatus:
         Creating "Debug\Computer Vision.unsuccessfulbuild" because "AlwaysCreate" was specified.
       ClCompile:
         E:\Program Files\Microsoft Visual Studio 10.0\VC\bin\CL.exe /c /ZI /nologo /W3 /WX- /Od /Oy- /D WIN32 /D _DEBUG /D _CONSOLE /D _UNICODE /D UNICODE /Gm /EHsc /RTC1 /MDd /GS /fp:precise /Zc:wchar_t /Zc:forScope /Yc"StdAfx.h" /Fp"Debug\Computer Vision.pch" /Fo"Debug\\" /Fd"Debug\vc100.pdb" /Gd /TP /analyze- /errorReport:prompt Rubix.cpp
         Rubix.cpp
     1>f:\computer vision\computer vision\rubix.cpp(54): warning C4018: '<' : signed/unsigned mismatch
     1>f:\computer vision\computer vision\rubix.cpp(64): warning C4018: '<' : signed/unsigned mismatch
       ManifestResourceCompile:
         All outputs are up-to-date.
       Link:
         E:\Program Files\Microsoft Visual Studio 10.0\VC\bin\link.exe /ERRORREPORT:PROMPT /OUT:"F:\Computer Vision\Debug\Computer Vision.exe" /INCREMENTAL /NOLOGO kernel32.lib user32.lib gdi32.lib winspool.lib opencv_core248d.lib comdlg32.lib advapi32.lib shell32.lib ole32.lib oleaut32.lib uuid.lib odbc32.lib odbccp32.lib kernel32.lib user32.lib gdi32.lib winspool.lib comdlg32.lib advapi32.lib shell32.lib ole32.lib oleaut32.lib uuid.lib odbc32.lib odbccp32.lib opencv_core248d.lib opencv_highgui248d.lib opencv_imgproc248d.lib /MANIFEST /ManifestFile:"Debug\Computer Vision.exe.intermediate.manifest" /MANIFESTUAC:"level='asInvoker' uiAccess='false'" /DEBUG /PDB:"F:\Computer Vision\Debug\Computer Vision.pdb" /SUBSYSTEM:CONSOLE /TLBID:1 /DYNAMICBASE /NXCOMPAT /IMPLIB:"F:\Computer Vision\Debug\Computer Vision.lib" /MACHINE:X86 "Debug\Computer Vision.exe.embed.manifest.res"
         "Debug\Computer Vision.obj"
         Debug\Rubix.obj
         Debug\stdafx.obj
       Manifest:
         C:\Program Files (x86)\Microsoft SDKs\Windows\v7.0A\bin\mt.exe /nologo /verbose /out:"Debug\Computer Vision.exe.embed.manifest" /manifest "Debug\Computer Vision.exe.intermediate.manifest"
         All outputs are up-to-date.
       LinkEmbedManifest:
         All outputs are up-to-date.
         Computer Vision.vcxproj -> F:\Computer Vision\Debug\Computer Vision.exe
       FinalizeBuildStatus:
         Deleting file "Debug\Computer Vision.unsuccessfulbuild".
         Touching "Debug\Computer Vision.lastbuildstate".
     1>Done Building Project "F:\Computer Vision\Computer Vision\Computer Vision.vcxproj" (build target(s)).

Build succeeded.

Time Elapsed 00:00:01.59
